0 info it worked if it ends with ok
1 verbose cli [ '/Users/viccao/.nvm/versions/node/v6.11.5/bin/node',
1 verbose cli   '/Users/viccao/.nvm/versions/node/v6.11.5/bin/npm',
1 verbose cli   'run',
1 verbose cli   'dev' ]
2 info using npm@3.10.10
3 info using node@v6.11.5
4 verbose run-script [ 'predev', 'dev', 'postdev' ]
5 info lifecycle ClassicVue@1.0.0~predev: ClassicVue@1.0.0
6 silly lifecycle ClassicVue@1.0.0~predev: no script for predev, continuing
7 info lifecycle ClassicVue@1.0.0~dev: ClassicVue@1.0.0
8 verbose lifecycle ClassicVue@1.0.0~dev: unsafe-perm in lifecycle true
9 verbose lifecycle ClassicVue@1.0.0~dev: PATH: /Users/viccao/.nvm/versions/node/v6.11.5/lib/node_modules/npm/bin/node-gyp-bin:/Users/viccao/Desktop/Development/Docker/VUETEST/node_modules/.bin:/Users/viccao/.nvm/versions/node/v6.11.5/bin:/usr/local/var/pyenv/shims:/usr/local/var/pyenv/shims:/Users/viccao/.rbenv/shims:/Users/viccao/.rbenv/shims:/Users/viccao/.rbenv/bin:/usr/local/bin:/usr/bin:/bin:/usr/sbin:/sbin:/Users/viccao/.rvm/bin
10 verbose lifecycle ClassicVue@1.0.0~dev: CWD: /Users/viccao/Desktop/Development/Docker/VUETEST
11 silly lifecycle ClassicVue@1.0.0~dev: Args: [ '-c', 'better-npm-run dev' ]
12 silly lifecycle ClassicVue@1.0.0~dev: Returned: code: 1  signal: null
13 info lifecycle ClassicVue@1.0.0~dev: Failed to exec dev script
14 verbose stack Error: ClassicVue@1.0.0 dev: `better-npm-run dev`
14 verbose stack Exit status 1
14 verbose stack     at EventEmitter.<anonymous> (/Users/viccao/.nvm/versions/node/v6.11.5/lib/node_modules/npm/lib/utils/lifecycle.js:255:16)
14 verbose stack     at emitTwo (events.js:106:13)
14 verbose stack     at EventEmitter.emit (events.js:191:7)
14 verbose stack     at ChildProcess.<anonymous> (/Users/viccao/.nvm/versions/node/v6.11.5/lib/node_modules/npm/lib/utils/spawn.js:40:14)
14 verbose stack     at emitTwo (events.js:106:13)
14 verbose stack     at ChildProcess.emit (events.js:191:7)
14 verbose stack     at maybeClose (internal/child_process.js:920:16)
14 verbose stack     at Process.ChildProcess._handle.onexit (internal/child_process.js:230:5)
15 verbose pkgid ClassicVue@1.0.0
16 verbose cwd /Users/viccao/Desktop/Development/Docker/VUETEST
17 error Darwin 17.4.0
18 error argv "/Users/viccao/.nvm/versions/node/v6.11.5/bin/node" "/Users/viccao/.nvm/versions/node/v6.11.5/bin/npm" "run" "dev"
19 error node v6.11.5
20 error npm  v3.10.10
21 error code ELIFECYCLE
22 error ClassicVue@1.0.0 dev: `better-npm-run dev`
22 error Exit status 1
23 error Failed at the ClassicVue@1.0.0 dev script 'better-npm-run dev'.
23 error Make sure you have the latest version of node.js and npm installed.
23 error If you do, this is most likely a problem with the ClassicVue package,
23 error not with npm itself.
23 error Tell the author that this fails on your system:
23 error     better-npm-run dev
23 error You can get information on how to open an issue for this project with:
23 error     npm bugs ClassicVue
23 error Or if that isn't available, you can get their info via:
23 error     npm owner ls ClassicVue
23 error There is likely additional logging output above.
24 verbose exit [ 1, true ]
